<?xml version="1.0" encoding="UTF-8"?>
<testng-results skipped="0" failed="2" total="10" passed="8">
  <reporter-output>
  </reporter-output>
  <suite name="Default suite" duration-ms="685304" started-at="2019-04-16T02:57:50Z" finished-at="2019-04-16T03:09:15Z">
    <groups>
    </groups>
    <test name="Default test" duration-ms="685304" started-at="2019-04-16T02:57:50Z" finished-at="2019-04-16T03:09:15Z">
      <class name="scripts.TestScripts">
        <test-method status="PASS" signature="preCondition()[pri:0, instance:scripts.TestScripts@21a06946]" name="preCondition" is-config="true" duration-ms="6316" started-at="2019-04-15T19:57:50Z" finished-at="2019-04-15T19:57:56Z">
          <reporter-output>
          </reporter-output>
        </test-method> <!-- preCondition -->
        <test-method status="PASS" signature="testSortByMyCart()[pri:0, instance:scripts.TestScripts@21a06946]" name="testSortByMyCart" duration-ms="55071" started-at="2019-04-15T19:57:56Z" finished-at="2019-04-15T19:58:51Z">
          <reporter-output>
          </reporter-output>
        </test-method> <!-- testSortByMyCart -->
        <test-method status="PASS" signature="postCondition()[pri:0, instance:scripts.TestScripts@21a06946]" name="postCondition" is-config="true" duration-ms="2315" started-at="2019-04-15T19:58:51Z" finished-at="2019-04-15T19:58:54Z">
          <reporter-output>
          </reporter-output>
        </test-method> <!-- postCondition -->
        <test-method status="PASS" signature="preCondition()[pri:0, instance:scripts.TestScripts@21a06946]" name="preCondition" is-config="true" duration-ms="4789" started-at="2019-04-15T19:58:54Z" finished-at="2019-04-15T19:58:59Z">
          <reporter-output>
          </reporter-output>
        </test-method> <!-- preCondition -->
        <test-method status="PASS" signature="testSortByMyCartAdd()[pri:0, instance:scripts.TestScripts@21a06946]" name="testSortByMyCartAdd" duration-ms="57849" started-at="2019-04-15T19:58:59Z" finished-at="2019-04-15T19:59:56Z">
          <reporter-output>
          </reporter-output>
        </test-method> <!-- testSortByMyCartAdd -->
        <test-method status="PASS" signature="postCondition()[pri:0, instance:scripts.TestScripts@21a06946]" name="postCondition" is-config="true" duration-ms="123" started-at="2019-04-15T19:59:56Z" finished-at="2019-04-15T19:59:57Z">
          <reporter-output>
          </reporter-output>
        </test-method> <!-- postCondition -->
        <test-method status="PASS" signature="preCondition()[pri:0, instance:scripts.TestScripts@21a06946]" name="preCondition" is-config="true" duration-ms="5129" started-at="2019-04-15T19:59:57Z" finished-at="2019-04-15T20:00:02Z">
          <reporter-output>
          </reporter-output>
        </test-method> <!-- preCondition -->
        <test-method status="PASS" signature="testSortByMyCartAddNav()[pri:0, instance:scripts.TestScripts@21a06946]" name="testSortByMyCartAddNav" duration-ms="83102" started-at="2019-04-15T20:00:02Z" finished-at="2019-04-15T20:01:25Z">
          <reporter-output>
          </reporter-output>
        </test-method> <!-- testSortByMyCartAddNav -->
        <test-method status="PASS" signature="postCondition()[pri:0, instance:scripts.TestScripts@21a06946]" name="postCondition" is-config="true" duration-ms="425" started-at="2019-04-15T20:01:25Z" finished-at="2019-04-15T20:01:25Z">
          <reporter-output>
          </reporter-output>
        </test-method> <!-- postCondition -->
        <test-method status="PASS" signature="preCondition()[pri:0, instance:scripts.TestScripts@21a06946]" name="preCondition" is-config="true" duration-ms="4736" started-at="2019-04-15T20:01:25Z" finished-at="2019-04-15T20:01:30Z">
          <reporter-output>
          </reporter-output>
        </test-method> <!-- preCondition -->
        <test-method status="PASS" signature="testSortByMyCartPriceDisc()[pri:0, instance:scripts.TestScripts@21a06946]" name="testSortByMyCartPriceDisc" duration-ms="59754" started-at="2019-04-15T20:01:30Z" finished-at="2019-04-15T20:02:30Z">
          <reporter-output>
          </reporter-output>
        </test-method> <!-- testSortByMyCartPriceDisc -->
        <test-method status="PASS" signature="postCondition()[pri:0, instance:scripts.TestScripts@21a06946]" name="postCondition" is-config="true" duration-ms="2326" started-at="2019-04-15T20:02:30Z" finished-at="2019-04-15T20:02:32Z">
          <reporter-output>
          </reporter-output>
        </test-method> <!-- postCondition -->
        <test-method status="PASS" signature="preCondition()[pri:0, instance:scripts.TestScripts@21a06946]" name="preCondition" is-config="true" duration-ms="4872" started-at="2019-04-15T20:02:32Z" finished-at="2019-04-15T20:02:37Z">
          <reporter-output>
          </reporter-output>
        </test-method> <!-- preCondition -->
        <test-method status="FAIL" signature="testSortByMyCartPriceDiscAdd()[pri:0, instance:scripts.TestScripts@21a06946]" name="testSortByMyCartPriceDiscAdd" duration-ms="56030" started-at="2019-04-15T20:02:37Z" finished-at="2019-04-15T20:03:33Z">
          <exception class="org.openqa.selenium.NoSuchElementException">
            <message>
              <![CDATA[no such element: Unable to locate element: {"method":"xpath","selector":"//span[contains(@class,'sprites-image plus-blue js-plus ')]"}
  (Session info: chrome=73.0.3683.103)
  (Driver info: chromedriver=2.46.628402 (536cd7adbad73a3783fdc2cab92ab2ba7ec361e1),platform=Windows NT 6.1.7601 SP1 x86_64) (WARNING: The server did not provide any stacktrace information)
Command duration or timeout: 0 milliseconds
For documentation on this error, please visit: https://www.seleniumhq.org/exceptions/no_such_element.html
Build info: version: '3.141.59', revision: 'e82be7d358', time: '2018-11-14T08:25:53'
System info: host: 'RASHIKHANNA-PC', ip: '192.168.1.71', os.name: 'Windows 7', os.arch: 'amd64', os.version: '6.1', java.version: '1.8.0_191'
Driver info: org.openqa.selenium.chrome.ChromeDriver
Capabilities {acceptInsecureCerts: false, acceptSslCerts: false, applicationCacheEnabled: false, browserConnectionEnabled: false, browserName: chrome, chrome: {chromedriverVersion: 2.46.628402 (536cd7adbad73a..., userDataDir: C:\Users\RASHIK~1\AppData\L...}, cssSelectorsEnabled: true, databaseEnabled: false, goog:chromeOptions: {debuggerAddress: localhost:58127}, handlesAlerts: true, hasTouchScreen: false, javascriptEnabled: true, locationContextEnabled: true, mobileEmulationEnabled: false, nativeEvents: true, networkConnectionEnabled: false, pageLoadStrategy: normal, platform: XP, platformName: XP, proxy: Proxy(), rotatable: false, setWindowRect: true, strictFileInteractability: false, takesHeapSnapshot: true, takesScreenshot: true, timeouts: {implicit: 0, pageLoad: 300000, script: 30000}, unexpectedAlertBehaviour: ignore, unhandledPromptBehavior: ignore, version: 73.0.3683.103, webStorageEnabled: true}
Session ID: cd1e1e97d4cad1ef47c9f9c071a97e46
*** Element info: {Using=xpath, value=//span[contains(@class,'sprites-image plus-blue js-plus ')]}]]>
            </message>
            <full-stacktrace>
              <![CDATA[org.openqa.selenium.NoSuchElementException: no such element: Unable to locate element: {"method":"xpath","selector":"//span[contains(@class,'sprites-image plus-blue js-plus ')]"}
  (Session info: chrome=73.0.3683.103)
  (Driver info: chromedriver=2.46.628402 (536cd7adbad73a3783fdc2cab92ab2ba7ec361e1),platform=Windows NT 6.1.7601 SP1 x86_64) (WARNING: The server did not provide any stacktrace information)
Command duration or timeout: 0 milliseconds
For documentation on this error, please visit: https://www.seleniumhq.org/exceptions/no_such_element.html
Build info: version: '3.141.59', revision: 'e82be7d358', time: '2018-11-14T08:25:53'
System info: host: 'RASHIKHANNA-PC', ip: '192.168.1.71', os.name: 'Windows 7', os.arch: 'amd64', os.version: '6.1', java.version: '1.8.0_191'
Driver info: org.openqa.selenium.chrome.ChromeDriver
Capabilities {acceptInsecureCerts: false, acceptSslCerts: false, applicationCacheEnabled: false, browserConnectionEnabled: false, browserName: chrome, chrome: {chromedriverVersion: 2.46.628402 (536cd7adbad73a..., userDataDir: C:\Users\RASHIK~1\AppData\L...}, cssSelectorsEnabled: true, databaseEnabled: false, goog:chromeOptions: {debuggerAddress: localhost:58127}, handlesAlerts: true, hasTouchScreen: false, javascriptEnabled: true, locationContextEnabled: true, mobileEmulationEnabled: false, nativeEvents: true, networkConnectionEnabled: false, pageLoadStrategy: normal, platform: XP, platformName: XP, proxy: Proxy(), rotatable: false, setWindowRect: true, strictFileInteractability: false, takesHeapSnapshot: true, takesScreenshot: true, timeouts: {implicit: 0, pageLoad: 300000, script: 30000}, unexpectedAlertBehaviour: ignore, unhandledPromptBehavior: ignore, version: 73.0.3683.103, webStorageEnabled: true}
Session ID: cd1e1e97d4cad1ef47c9f9c071a97e46
*** Element info: {Using=xpath, value=//span[contains(@class,'sprites-image plus-blue js-plus ')]}
	at sun.reflect.NativeConstructorAccessorImpl.newInstance0(Native Method)
	at sun.reflect.NativeConstructorAccessorImpl.newInstance(Unknown Source)
	at sun.reflect.DelegatingConstructorAccessorImpl.newInstance(Unknown Source)
	at java.lang.reflect.Constructor.newInstance(Unknown Source)
	at org.openqa.selenium.remote.ErrorHandler.createThrowable(ErrorHandler.java:214)
	at org.openqa.selenium.remote.ErrorHandler.throwIfResponseFailed(ErrorHandler.java:166)
	at org.openqa.selenium.remote.http.JsonHttpResponseCodec.reconstructValue(JsonHttpResponseCodec.java:40)
	at org.openqa.selenium.remote.http.AbstractHttpResponseCodec.decode(AbstractHttpResponseCodec.java:80)
	at org.openqa.selenium.remote.http.AbstractHttpResponseCodec.decode(AbstractHttpResponseCodec.java:44)
	at org.openqa.selenium.remote.HttpCommandExecutor.execute(HttpCommandExecutor.java:158)
	at org.openqa.selenium.remote.service.DriverCommandExecutor.execute(DriverCommandExecutor.java:83)
	at org.openqa.selenium.remote.RemoteWebDriver.execute(RemoteWebDriver.java:552)
	at org.openqa.selenium.remote.RemoteWebDriver.findElement(RemoteWebDriver.java:323)
	at org.openqa.selenium.remote.RemoteWebDriver.findElementByXPath(RemoteWebDriver.java:428)
	at org.openqa.selenium.By$ByXPath.findElement(By.java:353)
	at org.openqa.selenium.remote.RemoteWebDriver.findElement(RemoteWebDriver.java:315)
	at org.openqa.selenium.support.pagefactory.DefaultElementLocator.findElement(DefaultElementLocator.java:69)
	at org.openqa.selenium.support.pagefactory.internal.LocatingElementHandler.invoke(LocatingElementHandler.java:38)
	at com.sun.proxy.$Proxy8.click(Unknown Source)
	at pom.HomePage.clickAdBtn(HomePage.java:159)
	at scripts.TestScripts.testSortByMyCartPriceDiscAdd(TestScripts.java:289)
	at sun.reflect.NativeMethodAccessorImpl.invoke0(Native Method)
	at sun.reflect.NativeMethodAccessorImpl.invoke(Unknown Source)
	at sun.reflect.DelegatingMethodAccessorImpl.invoke(Unknown Source)
	at java.lang.reflect.Method.invoke(Unknown Source)
	at org.testng.internal.MethodInvocationHelper.invokeMethod(MethodInvocationHelper.java:86)
	at org.testng.internal.Invoker.invokeMethod(Invoker.java:645)
	at org.testng.internal.Invoker.invokeTestMethod(Invoker.java:822)
	at org.testng.internal.Invoker.invokeTestMethods(Invoker.java:1130)
	at org.testng.internal.TestMethodWorker.invokeTestMethods(TestMethodWorker.java:129)
	at org.testng.internal.TestMethodWorker.run(TestMethodWorker.java:112)
	at org.testng.TestRunner.privateRun(TestRunner.java:782)
	at org.testng.TestRunner.run(TestRunner.java:632)
	at org.testng.SuiteRunner.runTest(SuiteRunner.java:366)
	at org.testng.SuiteRunner.runSequentially(SuiteRunner.java:361)
	at org.testng.SuiteRunner.privateRun(SuiteRunner.java:319)
	at org.testng.SuiteRunner.run(SuiteRunner.java:268)
	at org.testng.SuiteRunnerWorker.runSuite(SuiteRunnerWorker.java:52)
	at org.testng.SuiteRunnerWorker.run(SuiteRunnerWorker.java:86)
	at org.testng.TestNG.runSuitesSequentially(TestNG.java:1244)
	at org.testng.TestNG.runSuitesLocally(TestNG.java:1169)
	at org.testng.TestNG.run(TestNG.java:1064)
	at org.testng.remote.RemoteTestNG.run(RemoteTestNG.java:113)
	at org.testng.remote.RemoteTestNG.initAndRun(RemoteTestNG.java:206)
	at org.testng.remote.RemoteTestNG.main(RemoteTestNG.java:177)
]]>
            </full-stacktrace>
          </exception> <!-- org.openqa.selenium.NoSuchElementException -->
          <reporter-output>
          </reporter-output>
        </test-method> <!-- testSortByMyCartPriceDiscAdd -->
        <test-method status="PASS" signature="postCondition()[pri:0, instance:scripts.TestScripts@21a06946]" name="postCondition" is-config="true" duration-ms="2340" started-at="2019-04-15T20:03:33Z" finished-at="2019-04-15T20:03:35Z">
          <reporter-output>
          </reporter-output>
        </test-method> <!-- postCondition -->
        <test-method status="PASS" signature="preCondition()[pri:0, instance:scripts.TestScripts@21a06946]" name="preCondition" is-config="true" duration-ms="4780" started-at="2019-04-15T20:03:35Z" finished-at="2019-04-15T20:03:40Z">
          <reporter-output>
          </reporter-output>
        </test-method> <!-- preCondition -->
        <test-method status="PASS" signature="testSortByMyCartPriceHighToLow()[pri:0, instance:scripts.TestScripts@21a06946]" name="testSortByMyCartPriceHighToLow" duration-ms="56097" started-at="2019-04-15T20:03:40Z" finished-at="2019-04-15T20:04:36Z">
          <reporter-output>
          </reporter-output>
        </test-method> <!-- testSortByMyCartPriceHighToLow -->
        <test-method status="PASS" signature="postCondition()[pri:0, instance:scripts.TestScripts@21a06946]" name="postCondition" is-config="true" duration-ms="206" started-at="2019-04-15T20:04:36Z" finished-at="2019-04-15T20:04:36Z">
          <reporter-output>
          </reporter-output>
        </test-method> <!-- postCondition -->
        <test-method status="PASS" signature="preCondition()[pri:0, instance:scripts.TestScripts@21a06946]" name="preCondition" is-config="true" duration-ms="4668" started-at="2019-04-15T20:04:36Z" finished-at="2019-04-15T20:04:41Z">
          <reporter-output>
          </reporter-output>
        </test-method> <!-- preCondition -->
        <test-method status="PASS" signature="testSortByMyCartPriceHighToLowAdd()[pri:0, instance:scripts.TestScripts@21a06946]" name="testSortByMyCartPriceHighToLowAdd" duration-ms="59866" started-at="2019-04-15T20:04:41Z" finished-at="2019-04-15T20:05:41Z">
          <reporter-output>
          </reporter-output>
        </test-method> <!-- testSortByMyCartPriceHighToLowAdd -->
        <test-method status="PASS" signature="postCondition()[pri:0, instance:scripts.TestScripts@21a06946]" name="postCondition" is-config="true" duration-ms="2273" started-at="2019-04-15T20:05:41Z" finished-at="2019-04-15T20:05:43Z">
          <reporter-output>
          </reporter-output>
        </test-method> <!-- postCondition -->
        <test-method status="PASS" signature="preCondition()[pri:0, instance:scripts.TestScripts@21a06946]" name="preCondition" is-config="true" duration-ms="4787" started-at="2019-04-15T20:05:43Z" finished-at="2019-04-15T20:05:48Z">
          <reporter-output>
          </reporter-output>
        </test-method> <!-- preCondition -->
        <test-method status="PASS" signature="testSortByMyCartPriceLowToHigh()[pri:0, instance:scripts.TestScripts@21a06946]" name="testSortByMyCartPriceLowToHigh" duration-ms="54723" started-at="2019-04-15T20:05:48Z" finished-at="2019-04-15T20:06:43Z">
          <reporter-output>
          </reporter-output>
        </test-method> <!-- testSortByMyCartPriceLowToHigh -->
        <test-method status="PASS" signature="postCondition()[pri:0, instance:scripts.TestScripts@21a06946]" name="postCondition" is-config="true" duration-ms="126" started-at="2019-04-15T20:06:43Z" finished-at="2019-04-15T20:06:43Z">
          <reporter-output>
          </reporter-output>
        </test-method> <!-- postCondition -->
        <test-method status="PASS" signature="preCondition()[pri:0, instance:scripts.TestScripts@21a06946]" name="preCondition" is-config="true" duration-ms="4965" started-at="2019-04-15T20:06:43Z" finished-at="2019-04-15T20:06:48Z">
          <reporter-output>
          </reporter-output>
        </test-method> <!-- preCondition -->
        <test-method status="PASS" signature="testSortByMyCartPriceLowToHighAdd()[pri:0, instance:scripts.TestScripts@21a06946]" name="testSortByMyCartPriceLowToHighAdd" duration-ms="59503" started-at="2019-04-15T20:06:48Z" finished-at="2019-04-15T20:07:47Z">
          <reporter-output>
          </reporter-output>
        </test-method> <!-- testSortByMyCartPriceLowToHighAdd -->
        <test-method status="PASS" signature="postCondition()[pri:0, instance:scripts.TestScripts@21a06946]" name="postCondition" is-config="true" duration-ms="99" started-at="2019-04-15T20:07:47Z" finished-at="2019-04-15T20:07:47Z">
          <reporter-output>
          </reporter-output>
        </test-method> <!-- postCondition -->
        <test-method status="PASS" signature="preCondition()[pri:0, instance:scripts.TestScripts@21a06946]" name="preCondition" is-config="true" duration-ms="5328" started-at="2019-04-15T20:07:47Z" finished-at="2019-04-15T20:07:53Z">
          <reporter-output>
          </reporter-output>
        </test-method> <!-- preCondition -->
        <test-method status="FAIL" signature="testSortByMyCartPriceLowToHighAddNav()[pri:0, instance:scripts.TestScripts@21a06946]" name="testSortByMyCartPriceLowToHighAddNav" duration-ms="80252" started-at="2019-04-15T20:07:53Z" finished-at="2019-04-15T20:09:13Z">
          <exception class="org.openqa.selenium.NoSuchElementException">
            <message>
              <![CDATA[no such element: Unable to locate element: {"method":"xpath","selector":"//span[contains(@class,'sprites-image plus-blue js-plus ')]"}
  (Session info: chrome=73.0.3683.103)
  (Driver info: chromedriver=2.46.628402 (536cd7adbad73a3783fdc2cab92ab2ba7ec361e1),platform=Windows NT 6.1.7601 SP1 x86_64) (WARNING: The server did not provide any stacktrace information)
Command duration or timeout: 0 milliseconds
For documentation on this error, please visit: https://www.seleniumhq.org/exceptions/no_such_element.html
Build info: version: '3.141.59', revision: 'e82be7d358', time: '2018-11-14T08:25:53'
System info: host: 'RASHIKHANNA-PC', ip: '192.168.1.71', os.name: 'Windows 7', os.arch: 'amd64', os.version: '6.1', java.version: '1.8.0_191'
Driver info: org.openqa.selenium.chrome.ChromeDriver
Capabilities {acceptInsecureCerts: false, acceptSslCerts: false, applicationCacheEnabled: false, browserConnectionEnabled: false, browserName: chrome, chrome: {chromedriverVersion: 2.46.628402 (536cd7adbad73a..., userDataDir: C:\Users\RASHIK~1\AppData\L...}, cssSelectorsEnabled: true, databaseEnabled: false, goog:chromeOptions: {debuggerAddress: localhost:58875}, handlesAlerts: true, hasTouchScreen: false, javascriptEnabled: true, locationContextEnabled: true, mobileEmulationEnabled: false, nativeEvents: true, networkConnectionEnabled: false, pageLoadStrategy: normal, platform: XP, platformName: XP, proxy: Proxy(), rotatable: false, setWindowRect: true, strictFileInteractability: false, takesHeapSnapshot: true, takesScreenshot: true, timeouts: {implicit: 0, pageLoad: 300000, script: 30000}, unexpectedAlertBehaviour: ignore, unhandledPromptBehavior: ignore, version: 73.0.3683.103, webStorageEnabled: true}
Session ID: 847a70ec2f2c58d5e0b52c34023809de
*** Element info: {Using=xpath, value=//span[contains(@class,'sprites-image plus-blue js-plus ')]}]]>
            </message>
            <full-stacktrace>
              <![CDATA[org.openqa.selenium.NoSuchElementException: no such element: Unable to locate element: {"method":"xpath","selector":"//span[contains(@class,'sprites-image plus-blue js-plus ')]"}
  (Session info: chrome=73.0.3683.103)
  (Driver info: chromedriver=2.46.628402 (536cd7adbad73a3783fdc2cab92ab2ba7ec361e1),platform=Windows NT 6.1.7601 SP1 x86_64) (WARNING: The server did not provide any stacktrace information)
Command duration or timeout: 0 milliseconds
For documentation on this error, please visit: https://www.seleniumhq.org/exceptions/no_such_element.html
Build info: version: '3.141.59', revision: 'e82be7d358', time: '2018-11-14T08:25:53'
System info: host: 'RASHIKHANNA-PC', ip: '192.168.1.71', os.name: 'Windows 7', os.arch: 'amd64', os.version: '6.1', java.version: '1.8.0_191'
Driver info: org.openqa.selenium.chrome.ChromeDriver
Capabilities {acceptInsecureCerts: false, acceptSslCerts: false, applicationCacheEnabled: false, browserConnectionEnabled: false, browserName: chrome, chrome: {chromedriverVersion: 2.46.628402 (536cd7adbad73a..., userDataDir: C:\Users\RASHIK~1\AppData\L...}, cssSelectorsEnabled: true, databaseEnabled: false, goog:chromeOptions: {debuggerAddress: localhost:58875}, handlesAlerts: true, hasTouchScreen: false, javascriptEnabled: true, locationContextEnabled: true, mobileEmulationEnabled: false, nativeEvents: true, networkConnectionEnabled: false, pageLoadStrategy: normal, platform: XP, platformName: XP, proxy: Proxy(), rotatable: false, setWindowRect: true, strictFileInteractability: false, takesHeapSnapshot: true, takesScreenshot: true, timeouts: {implicit: 0, pageLoad: 300000, script: 30000}, unexpectedAlertBehaviour: ignore, unhandledPromptBehavior: ignore, version: 73.0.3683.103, webStorageEnabled: true}
Session ID: 847a70ec2f2c58d5e0b52c34023809de
*** Element info: {Using=xpath, value=//span[contains(@class,'sprites-image plus-blue js-plus ')]}
	at sun.reflect.NativeConstructorAccessorImpl.newInstance0(Native Method)
	at sun.reflect.NativeConstructorAccessorImpl.newInstance(Unknown Source)
	at sun.reflect.DelegatingConstructorAccessorImpl.newInstance(Unknown Source)
	at java.lang.reflect.Constructor.newInstance(Unknown Source)
	at org.openqa.selenium.remote.ErrorHandler.createThrowable(ErrorHandler.java:214)
	at org.openqa.selenium.remote.ErrorHandler.throwIfResponseFailed(ErrorHandler.java:166)
	at org.openqa.selenium.remote.http.JsonHttpResponseCodec.reconstructValue(JsonHttpResponseCodec.java:40)
	at org.openqa.selenium.remote.http.AbstractHttpResponseCodec.decode(AbstractHttpResponseCodec.java:80)
	at org.openqa.selenium.remote.http.AbstractHttpResponseCodec.decode(AbstractHttpResponseCodec.java:44)
	at org.openqa.selenium.remote.HttpCommandExecutor.execute(HttpCommandExecutor.java:158)
	at org.openqa.selenium.remote.service.DriverCommandExecutor.execute(DriverCommandExecutor.java:83)
	at org.openqa.selenium.remote.RemoteWebDriver.execute(RemoteWebDriver.java:552)
	at org.openqa.selenium.remote.RemoteWebDriver.findElement(RemoteWebDriver.java:323)
	at org.openqa.selenium.remote.RemoteWebDriver.findElementByXPath(RemoteWebDriver.java:428)
	at org.openqa.selenium.By$ByXPath.findElement(By.java:353)
	at org.openqa.selenium.remote.RemoteWebDriver.findElement(RemoteWebDriver.java:315)
	at org.openqa.selenium.support.pagefactory.DefaultElementLocator.findElement(DefaultElementLocator.java:69)
	at org.openqa.selenium.support.pagefactory.internal.LocatingElementHandler.invoke(LocatingElementHandler.java:38)
	at com.sun.proxy.$Proxy8.click(Unknown Source)
	at pom.HomePage.clickAdBtn(HomePage.java:159)
	at scripts.TestScripts.testSortByMyCartPriceLowToHighAddNav(TestScripts.java:394)
	at sun.reflect.NativeMethodAccessorImpl.invoke0(Native Method)
	at sun.reflect.NativeMethodAccessorImpl.invoke(Unknown Source)
	at sun.reflect.DelegatingMethodAccessorImpl.invoke(Unknown Source)
	at java.lang.reflect.Method.invoke(Unknown Source)
	at org.testng.internal.MethodInvocationHelper.invokeMethod(MethodInvocationHelper.java:86)
	at org.testng.internal.Invoker.invokeMethod(Invoker.java:645)
	at org.testng.internal.Invoker.invokeTestMethod(Invoker.java:822)
	at org.testng.internal.Invoker.invokeTestMethods(Invoker.java:1130)
	at org.testng.internal.TestMethodWorker.invokeTestMethods(TestMethodWorker.java:129)
	at org.testng.internal.TestMethodWorker.run(TestMethodWorker.java:112)
	at org.testng.TestRunner.privateRun(TestRunner.java:782)
	at org.testng.TestRunner.run(TestRunner.java:632)
	at org.testng.SuiteRunner.runTest(SuiteRunner.java:366)
	at org.testng.SuiteRunner.runSequentially(SuiteRunner.java:361)
	at org.testng.SuiteRunner.privateRun(SuiteRunner.java:319)
	at org.testng.SuiteRunner.run(SuiteRunner.java:268)
	at org.testng.SuiteRunnerWorker.runSuite(SuiteRunnerWorker.java:52)
	at org.testng.SuiteRunnerWorker.run(SuiteRunnerWorker.java:86)
	at org.testng.TestNG.runSuitesSequentially(TestNG.java:1244)
	at org.testng.TestNG.runSuitesLocally(TestNG.java:1169)
	at org.testng.TestNG.run(TestNG.java:1064)
	at org.testng.remote.RemoteTestNG.run(RemoteTestNG.java:113)
	at org.testng.remote.RemoteTestNG.initAndRun(RemoteTestNG.java:206)
	at org.testng.remote.RemoteTestNG.main(RemoteTestNG.java:177)
]]>
            </full-stacktrace>
          </exception> <!-- org.openqa.selenium.NoSuchElementException -->
          <reporter-output>
          </reporter-output>
        </test-method> <!-- testSortByMyCartPriceLowToHighAddNav -->
        <test-method status="PASS" signature="postCondition()[pri:0, instance:scripts.TestScripts@21a06946]" name="postCondition" is-config="true" duration-ms="2369" started-at="2019-04-15T20:09:13Z" finished-at="2019-04-15T20:09:15Z">
          <reporter-output>
          </reporter-output>
        </test-method> <!-- postCondition -->
      </class> <!-- scripts.TestScripts -->
    </test> <!-- Default test -->
  </suite> <!-- Default suite -->
</testng-results>
